<?xml version="1.0" encoding="UTF-8"?>
<!-- Generated by org.testng.reporters.JUnitXMLReporter -->
<testsuite hostname="Parag-PC" ignored="2" name="Test" tests="7" failures="4" timestamp="17 Jan 2019 19:06:31 GMT" time="0.74" errors="0">
  <testcase name="testLogin" time="0.01" classname="uiframework.uiframework.Paragcom.freecrm.TestScript.Test1"/>
  <testcase name="testLogin1" time="0.003" classname="uiframework.uiframework.Paragcom.freecrm.TestScript.Test1">
    <failure type="java.lang.AssertionError" message="expected [true] but found [false]">
      <![CDATA[java.lang.AssertionError: expected [true] but found [false]
at uiframework.uiframework.Paragcom.freecrm.helper.Aseertion.AssertHelper.markFail(AssertHelper.java:27)
at uiframework.uiframework.Paragcom.freecrm.TestScript.Test1.testLogin1(Test1.java:17)
... Removed 29 stack frames]]>
    </failure>
  </testcase> <!-- testLogin1 -->
  <testcase name="testLogin2" time="0.002" classname="uiframework.uiframework.Paragcom.freecrm.TestScript.Test1"/>
  <testcase name="testLogin3" time="0.001" classname="uiframework.uiframework.Paragcom.freecrm.TestScript.Test1">
    <failure type="java.lang.AssertionError" message="expected [true] but found [false]">
      <![CDATA[java.lang.AssertionError: expected [true] but found [false]
at uiframework.uiframework.Paragcom.freecrm.helper.Aseertion.AssertHelper.markFail(AssertHelper.java:27)
at uiframework.uiframework.Paragcom.freecrm.TestScript.Test1.testLogin3(Test1.java:29)
... Removed 29 stack frames]]>
    </failure>
  </testcase> <!-- testLogin3 -->
  <testcase name="testLogin4" time="0.003" classname="uiframework.uiframework.Paragcom.freecrm.TestScript.Test2">
    <failure type="java.lang.AssertionError" message="expected [true] but found [false]">
      <![CDATA[java.lang.AssertionError: expected [true] but found [false]
at uiframework.uiframework.Paragcom.freecrm.helper.Aseertion.AssertHelper.markFail(AssertHelper.java:27)
at uiframework.uiframework.Paragcom.freecrm.TestScript.Test2.testLogin4(Test2.java:18)
... Removed 29 stack frames]]>
    </failure>
  </testcase> <!-- testLogin4 -->
  <testcase name="testLogin5" time="0.002" classname="uiframework.uiframework.Paragcom.freecrm.TestScript.Test2"/>
  <testcase name="testLogin6" time="0.002" classname="uiframework.uiframework.Paragcom.freecrm.TestScript.Test2">
    <failure type="java.lang.AssertionError" message="expected [true] but found [false]">
      <![CDATA[java.lang.AssertionError: expected [true] but found [false]
at uiframework.uiframework.Paragcom.freecrm.helper.Aseertion.AssertHelper.markFail(AssertHelper.java:27)
at uiframework.uiframework.Paragcom.freecrm.TestScript.Test2.testLogin6(Test2.java:30)
... Removed 29 stack frames]]>
    </failure>
  </testcase> <!-- testLogin6 -->
  <testcase name="@BeforeTest BeforeClass" time="0.0" classname="uiframework.uiframework.Paragcom.TestBase.TestBase">
    <ignored/>
  </testcase> <!-- @BeforeTest BeforeClass -->
  <testcase name="@BeforeSuite Beforesuite" time="0.0" classname="uiframework.uiframework.Paragcom.TestBase.TestBase">
    <ignored/>
  </testcase> <!-- @BeforeSuite Beforesuite -->
</testsuite> <!-- Test -->
