<?xml version="1.0" encoding="UTF-8"?>
<!-- Generated by org.testng.reporters.JUnitXMLReporter -->
<testsuite hostname="Parag-PC" ignored="3" name="ReportTest" tests="8" failures="4" timestamp="30 Jan 2019 17:24:58 GMT" time="25.476" errors="0">
  <testcase name="Login" time="0.011" classname="uiframework.uiframework.Paragcom.freecrm.TestScript.Report"/>
  <testcase name="Login1" time="0.003" classname="uiframework.uiframework.Paragcom.freecrm.TestScript.Report">
    <failure type="java.lang.AssertionError" message="expected [true] but found [false]">
      <![CDATA[java.lang.AssertionError: expected [true] but found [false]
at uiframework.uiframework.Paragcom.freecrm.helper.Aseertion.AssertHelper.markFail(AssertHelper.java:27)
at uiframework.uiframework.Paragcom.freecrm.TestScript.Report.Login1(Report.java:22)
... Removed 29 stack frames]]>
    </failure>
  </testcase> <!-- Login1 -->
  <testcase name="Login2" time="0.002" classname="uiframework.uiframework.Paragcom.freecrm.TestScript.Report"/>
  <testcase name="Login3" time="0.004" classname="uiframework.uiframework.Paragcom.freecrm.TestScript.Report">
    <failure type="java.lang.AssertionError" message="expected [true] but found [false]">
      <![CDATA[java.lang.AssertionError: expected [true] but found [false]
at uiframework.uiframework.Paragcom.freecrm.helper.Aseertion.AssertHelper.markFail(AssertHelper.java:27)
at uiframework.uiframework.Paragcom.freecrm.TestScript.Report.Login3(Report.java:34)
... Removed 29 stack frames]]>
    </failure>
  </testcase> <!-- Login3 -->
  <testcase name="testLogin4" time="0.003" classname="uiframework.uiframework.Paragcom.freecrm.TestScript.Test2">
    <failure type="java.lang.AssertionError" message="expected [true] but found [false]">
      <![CDATA[java.lang.AssertionError: expected [true] but found [false]
at uiframework.uiframework.Paragcom.freecrm.helper.Aseertion.AssertHelper.markFail(AssertHelper.java:27)
at uiframework.uiframework.Paragcom.freecrm.TestScript.Test2.testLogin4(Test2.java:28)
... Removed 29 stack frames]]>
    </failure>
  </testcase> <!-- testLogin4 -->
  <testcase name="testLogin5" time="0.002" classname="uiframework.uiframework.Paragcom.freecrm.TestScript.Test2"/>
  <testcase name="testLogin6" time="0.002" classname="uiframework.uiframework.Paragcom.freecrm.TestScript.Test2">
    <failure type="java.lang.AssertionError" message="expected [true] but found [false]">
      <![CDATA[java.lang.AssertionError: expected [true] but found [false]
at uiframework.uiframework.Paragcom.freecrm.helper.Aseertion.AssertHelper.markFail(AssertHelper.java:27)
at uiframework.uiframework.Paragcom.freecrm.TestScript.Test2.testLogin6(Test2.java:40)
... Removed 29 stack frames]]>
    </failure>
  </testcase> <!-- testLogin6 -->
  <testcase name="TestscreenTest" time="6.985" classname="uiframework.uiframework.Paragcom.freecrm.TestScript.TestScreen"/>
  <testcase name="@BeforeTest BeforeAnyClass" time="0.0" classname="uiframework.uiframework.Paragcom.TestBase.TestBase">
    <ignored/>
  </testcase> <!-- @BeforeTest BeforeAnyClass -->
  <testcase name="@BeforeSuite Beforesuite" time="0.0" classname="uiframework.uiframework.Paragcom.TestBase.TestBase">
    <ignored/>
  </testcase> <!-- @BeforeSuite Beforesuite -->
  <testcase name="@BeforeTest Beforetest" time="0.0" classname="uiframework.uiframework.Paragcom.TestBase.TestBase">
    <ignored/>
  </testcase> <!-- @BeforeTest Beforetest -->
</testsuite> <!-- ReportTest -->
