<?xml version="1.0" encoding="UTF-8"?>
<!-- Generated by org.testng.reporters.JUnitXMLReporter -->
<testsuite hostname="Parag-PC" ignored="0" name="Test" tests="4" failures="2" timestamp="27 Jan 2019 14:14:39 GMT" time="0.565" errors="0">
  <testcase name="testLogin" time="0.01" classname="uiframework.uiframework.Paragcom.freecrm.TestScript.Test1"/>
  <testcase name="testLogin1" time="0.003" classname="uiframework.uiframework.Paragcom.freecrm.TestScript.Test1">
    <failure type="java.lang.AssertionError" message="expected [true] but found [false]">
      <![CDATA[java.lang.AssertionError: expected [true] but found [false]
at uiframework.uiframework.Paragcom.freecrm.helper.Aseertion.AssertHelper.markFail(AssertHelper.java:27)
at uiframework.uiframework.Paragcom.freecrm.TestScript.Test1.testLogin1(Test1.java:19)
... Removed 29 stack frames]]>
    </failure>
  </testcase> <!-- testLogin1 -->
  <testcase name="testLogin2" time="0.004" classname="uiframework.uiframework.Paragcom.freecrm.TestScript.Test1"/>
  <testcase name="testLogin3" time="0.002" classname="uiframework.uiframework.Paragcom.freecrm.TestScript.Test1">
    <failure type="java.lang.AssertionError" message="expected [true] but found [false]">
      <![CDATA[java.lang.AssertionError: expected [true] but found [false]
at uiframework.uiframework.Paragcom.freecrm.helper.Aseertion.AssertHelper.markFail(AssertHelper.java:27)
at uiframework.uiframework.Paragcom.freecrm.TestScript.Test1.testLogin3(Test1.java:31)
... Removed 29 stack frames]]>
    </failure>
  </testcase> <!-- testLogin3 -->
</testsuite> <!-- Test -->
